# JRE version: OpenJDK Runtime Environment (8.0_152-b01) (build 1.8.0_152-release-1343-b01)
# Java VM: OpenJDK 64-Bit Server VM (25.152-b01 mixed mode windows-amd64 compressed oops)
Heap:
 PSYoungGen      total 376832K, used 269459K [0x00000000e0000000, 0x0000000100000000, 0x0000000100000000)
  eden space 293888K, 63% used [0x00000000e0000000,0x00000000eb646a48,0x00000000f1f00000)
  from space 82944K, 99% used [0x00000000f1f00000,0x00000000f6fde510,0x00000000f7000000)
  to   space 120832K, 0% used [0x00000000f8a00000,0x00000000f8a00000,0x0000000100000000)
 ParOldGen       total 570880K, used 98635K [0x00000000a0000000, 0x00000000c2d80000, 0x00000000e0000000)
  object space 570880K, 17% used [0x00000000a0000000,0x00000000a6052f70,0x00000000c2d80000)
 Metaspace       used 128595K, capacity 133464K, committed 133656K, reserved 1165312K
  class space    used 15799K, capacity 16870K, committed 16936K, reserved 1048576K
GC Heap History (10 events):
Event: 654.930 GC heap before
{Heap before GC invocations=19 (full 4):
 PSYoungGen      total 406528K, used 357594K [0x00000000e0000000, 0x00000000fd680000, 0x0000000100000000)
  eden space 337408K, 100% used [0x00000000e0000000,0x00000000f4980000,0x00000000f4980000)
  from space 69120K, 29% used [0x00000000f9300000,0x00000000fa6b6a58,0x00000000fd680000)
  to   space 72192K, 0% used [0x00000000f4980000,0x00000000f4980000,0x00000000f9000000)
 ParOldGen       total 570880K, used 84781K [0x00000000a0000000, 0x00000000c2d80000, 0x00000000e0000000)
  object space 570880K, 14% used [0x00000000a0000000,0x00000000a52cb620,0x00000000c2d80000)
 Metaspace       used 114019K, capacity 118160K, committed 118424K, reserved 1153024K
  class space    used 14312K, capacity 15248K, committed 15272K, reserved 1048576K
Event: 654.978 GC heap after
Heap after GC invocations=19 (full 4):
 PSYoungGen      total 409600K, used 72171K [0x00000000e0000000, 0x0000000100000000, 0x0000000100000000)
  eden space 337408K, 0% used [0x00000000e0000000,0x00000000e0000000,0x00000000f4980000)
  from space 72192K, 99% used [0x00000000f4980000,0x00000000f8ffad70,0x00000000f9000000)
  to   space 88064K, 0% used [0x00000000faa00000,0x00000000faa00000,0x0000000100000000)
 ParOldGen       total 570880K, used 98603K [0x00000000a0000000, 0x00000000c2d80000, 0x00000000e0000000)
  object space 570880K, 17% used [0x00000000a0000000,0x00000000a604af70,0x00000000c2d80000)
 Metaspace       used 114019K, capacity 118160K, committed 118424K, reserved 1153024K
  class space    used 14312K, capacity 15248K, committed 15272K, reserved 1048576K
}
Event: 3785.051 GC heap before
{Heap before GC invocations=20 (full 4):
 PSYoungGen      total 409600K, used 409579K [0x00000000e0000000, 0x0000000100000000, 0x0000000100000000)
  eden space 337408K, 100% used [0x00000000e0000000,0x00000000f4980000,0x00000000f4980000)
  from space 72192K, 99% used [0x00000000f4980000,0x00000000f8ffad70,0x00000000f9000000)
  to   space 88064K, 0% used [0x00000000faa00000,0x00000000faa00000,0x0000000100000000)
 ParOldGen       total 570880K, used 98603K [0x00000000a0000000, 0x00000000c2d80000, 0x00000000e0000000)
  object space 570880K, 17% used [0x00000000a0000000,0x00000000a604af70,0x00000000c2d80000)
 Metaspace       used 114925K, capacity 119176K, committed 119192K, reserved 1153024K
  class space    used 14325K, capacity 15264K, committed 15272K, reserved 1048576K
Event: 3785.110 GC heap after
Heap after GC invocations=20 (full 4):
 PSYoungGen      total 418816K, used 74009K [0x00000000e0000000, 0x0000000100000000, 0x0000000100000000)
  eden space 330752K, 0% used [0x00000000e0000000,0x00000000e0000000,0x00000000f4300000)
  from space 88064K, 84% used [0x00000000faa00000,0x00000000ff246740,0x0000000100000000)
  to   space 96768K, 0% used [0x00000000f4300000,0x00000000f4300000,0x00000000fa180000)
 ParOldGen       total 570880K, used 98611K [0x00000000a0000000, 0x00000000c2d80000, 0x00000000e0000000)
  object space 570880K, 17% used [0x00000000a0000000,0x00000000a604cf70,0x00000000c2d80000)
 Metaspace       used 114925K, capacity 119176K, committed 119192K, reserved 1153024K
  class space    used 14325K, capacity 15264K, committed 15272K, reserved 1048576K
}
Event: 3789.785 GC heap before
{Heap before GC invocations=21 (full 4):
 PSYoungGen      total 418816K, used 404761K [0x00000000e0000000, 0x0000000100000000, 0x0000000100000000)
  eden space 330752K, 100% used [0x00000000e0000000,0x00000000f4300000,0x00000000f4300000)
  from space 88064K, 84% used [0x00000000faa00000,0x00000000ff246740,0x0000000100000000)
  to   space 96768K, 0% used [0x00000000f4300000,0x00000000f4300000,0x00000000fa180000)
 ParOldGen       total 570880K, used 98611K [0x00000000a0000000, 0x00000000c2d80000, 0x00000000e0000000)
  object space 570880K, 17% used [0x00000000a0000000,0x00000000a604cf70,0x00000000c2d80000)
 Metaspace       used 121205K, capacity 125530K, committed 125848K, reserved 1159168K
  class space    used 15012K, capacity 15977K, committed 16040K, reserved 1048576K
Event: 3789.824 GC heap after
Heap after GC invocations=21 (full 4):
 PSYoungGen      total 409600K, used 78826K [0x00000000e0000000, 0x0000000100000000, 0x0000000100000000)
  eden space 330752K, 0% used [0x00000000e0000000,0x00000000e0000000,0x00000000f4300000)
  from space 78848K, 99% used [0x00000000f4300000,0x00000000f8ffab68,0x00000000f9000000)
  to   space 105472K, 0% used [0x00000000f9900000,0x00000000f9900000,0x0000000100000000)
 ParOldGen       total 570880K, used 98619K [0x00000000a0000000, 0x00000000c2d80000, 0x00000000e0000000)
  object space 570880K, 17% used [0x00000000a0000000,0x00000000a604ef70,0x00000000c2d80000)
 Metaspace       used 121205K, capacity 125530K, committed 125848K, reserved 1159168K
  class space    used 15012K, capacity 15977K, committed 16040K, reserved 1048576K
}
Event: 7019.684 GC heap before
{Heap before GC invocations=22 (full 4):
 PSYoungGen      total 409600K, used 409578K [0x00000000e0000000, 0x0000000100000000, 0x0000000100000000)
  eden space 330752K, 100% used [0x00000000e0000000,0x00000000f4300000,0x00000000f4300000)
  from space 78848K, 99% used [0x00000000f4300000,0x00000000f8ffab68,0x00000000f9000000)
  to   space 105472K, 0% used [0x00000000f9900000,0x00000000f9900000,0x0000000100000000)
 ParOldGen       total 570880K, used 98619K [0x00000000a0000000, 0x00000000c2d80000, 0x00000000e0000000)
  object space 570880K, 17% used [0x00000000a0000000,0x00000000a604ef70,0x00000000c2d80000)
 Metaspace       used 122023K, capacity 126686K, committed 127000K, reserved 1161216K
  class space    used 15075K, capacity 16103K, committed 16168K, reserved 1048576K
Event: 7019.746 GC heap after
Heap after GC invocations=22 (full 4):
 PSYoungGen      total 399360K, used 87404K [0x00000000e0000000, 0x0000000100000000, 0x0000000100000000)
  eden space 293888K, 0% used [0x00000000e0000000,0x00000000e0000000,0x00000000f1f00000)
  from space 105472K, 82% used [0x00000000f9900000,0x00000000fee5b100,0x0000000100000000)
  to   space 115200K, 0% used [0x00000000f1f00000,0x00000000f1f00000,0x00000000f8f80000)
 ParOldGen       total 570880K, used 98627K [0x00000000a0000000, 0x00000000c2d80000, 0x00000000e0000000)
  object space 570880K, 17% used [0x00000000a0000000,0x00000000a6050f70,0x00000000c2d80000)
 Metaspace       used 122023K, capacity 126686K, committed 127000K, reserved 1161216K
  class space    used 15075K, capacity 16103K, committed 16168K, reserved 1048576K
}
Event: 7021.974 GC heap before
{Heap before GC invocations=23 (full 4):
 PSYoungGen      total 399360K, used 381292K [0x00000000e0000000, 0x0000000100000000, 0x0000000100000000)
  eden space 293888K, 100% used [0x00000000e0000000,0x00000000f1f00000,0x00000000f1f00000)
  from space 105472K, 82% used [0x00000000f9900000,0x00000000fee5b100,0x0000000100000000)
  to   space 115200K, 0% used [0x00000000f1f00000,0x00000000f1f00000,0x00000000f8f80000)
 ParOldGen       total 570880K, used 98627K [0x00000000a0000000, 0x00000000c2d80000, 0x00000000e0000000)
  object space 570880K, 17% used [0x00000000a0000000,0x00000000a6050f70,0x00000000c2d80000)
 Metaspace       used 128143K, capacity 132850K, committed 133016K, reserved 1165312K
  class space    used 15749K, capacity 16781K, committed 16808K, reserved 1048576K
Event: 7022.030 GC heap after
Heap after GC invocations=23 (full 4):
 PSYoungGen      total 376832K, used 82809K [0x00000000e0000000, 0x0000000100000000, 0x0000000100000000)
  eden space 293888K, 0% used [0x00000000e0000000,0x00000000e0000000,0x00000000f1f00000)
  from space 82944K, 99% used [0x00000000f1f00000,0x00000000f6fde510,0x00000000f7000000)
  to   space 120832K, 0% used [0x00000000f8a00000,0x00000000f8a00000,0x0000000100000000)
 ParOldGen       total 570880K, used 98635K [0x00000000a0000000, 0x00000000c2d80000, 0x00000000e0000000)
  object space 570880K, 17% used [0x00000000a0000000,0x00000000a6052f70,0x00000000c2d80000)
 Metaspace       used 128143K, capacity 132850K, committed 133016K, reserved 1165312K
  class space    used 15749K, capacity 16781K, committed 16808K, reserved 1048576K
}

